[12.16.2012 - 16:58:50] --> 
[12.16.2012 - 16:58:54] --> 
[12.16.2012 - 16:59:53] --> <?xml version="1.0"?>
<sorter><unsorted_numbers><item0>41</item0><item1>23</item1><item2>11</item2></unsorted_numbers></sorter>

[12.16.2012 - 17:02:31] --> <?xml version="1.0"?>
<sorter><unsorted_numbers><item0>41</item0><item1>23</item1><item2>11</item2></unsorted_numbers></sorter>

[12.16.2012 - 17:03:09] --> <?xml version="1.0"?>
<sorter><unsorted_numbers><item0>41</item0><item1>23</item1><item2>11</item2></unsorted_numbers></sorter>

[12.16.2012 - 17:03:27] --> <?xml version="1.0"?>
<sorter><unsorted_numbers><item0>4112</item0><item1>2355</item1><item2>1199</item2></unsorted_numbers></sorter>

[12.16.2012 - 17:04:52] --> <?xml version="1.0"?>
<sorter><unsorted_numbers><item0>4112</item0><item1>2355</item1><item2>1199</item2></unsorted_numbers><sorted_numbers><item0>1199</item0><item1>2355</item1><item2>4112</item2></sorted_numbers></sorter>

[12.16.2012 - 17:07:24] --> <?xml version="1.0"?>
<sorter><unsorted_numbers><item0>512</item0><item1>412</item1><item2>331</item2></unsorted_numbers><sorted_numbers><item0>331</item0><item1>412</item1><item2>512</item2></sorted_numbers></sorter>

[12.16.2012 - 17:10:55] --> <?xml version="1.0"?>
<sorter><unsorted_numbers><item0>512</item0><item1>22</item1><item2>1</item2></unsorted_numbers><sorted_numbers><item0>1</item0><item1>22</item1><item2>512</item2></sorted_numbers></sorter>

[12.16.2012 - 17:11:16] --> <?xml version="1.0"?>
<sorter><unsorted_numbers><item0>51</item0><item1>22</item1><item2>1</item2></unsorted_numbers><sorted_numbers><item0>1</item0><item1>22</item1><item2>51</item2></sorted_numbers></sorter>

[12.16.2012 - 17:19:03] --> <?xml version="1.0"?>
<sorter><unsorted_numbers><item0>41</item0><item1>222</item1><item2>1</item2></unsorted_numbers><sorted_numbers><item0>1</item0><item1>41</item1><item2>222</item2></sorted_numbers></sorter>

[12.16.2012 - 17:19:14] --> <?xml version="1.0"?>
<sorter><unsorted_numbers><item0>41</item0><item1>222</item1><item2>1</item2></unsorted_numbers><sorted_numbers><item0>1</item0><item1>41</item1><item2>222</item2></sorted_numbers></sorter>

[12.16.2012 - 17:20:32] --> <?xml version="1.0"?>
<sorter><unsorted_numbers><item>41</item><item>11</item><item>2</item></unsorted_numbers><sorted_numbers><item>2</item><item>11</item><item>41</item></sorted_numbers></sorter>

[12.16.2012 - 17:20:59] --> <?xml version="1.0"?>
<sorter><unsorted_numbers><item>123</item><item>42</item><item>1</item></unsorted_numbers><sorted_numbers><item>1</item><item>42</item><item>123</item></sorted_numbers></sorter>

[12.16.2012 - 17:21:16] --> <?xml version="1.0"?>
<sorter><unsorted_numbers><item>12</item><item>33</item><item>1</item></unsorted_numbers><sorted_numbers><item>1</item><item>12</item><item>33</item></sorted_numbers></sorter>

[12.16.2012 - 17:21:37] --> <?xml version="1.0"?>
<sorter><unsorted_numbers><item>12</item><item>31</item><item>11</item></unsorted_numbers><sorted_numbers><item>11</item><item>12</item><item>31</item></sorted_numbers></sorter>

[12.16.2012 - 17:22:23] --> <?xml version="1.0"?>
<sorter><unsorted_numbers><item>12</item><item>4</item><item>2</item></unsorted_numbers><sorted_numbers><item>2</item><item>4</item><item>12</item></sorted_numbers></sorter>

[12.16.2012 - 17:27:18] --> <?xml version="1.0"?>
<sorter><unsorted_numbers><item>1</item><item>5</item><item>4</item></unsorted_numbers><sorted_numbers><item>1</item><item>4</item><item>5</item></sorted_numbers></sorter>

[12.16.2012 - 17:28:05] --> <?xml version="1.0"?>
<sorter><unsorted_numbers><item>14</item><item>2</item><item>9</item></unsorted_numbers><sorted_numbers><item>2</item><item>9</item><item>14</item></sorted_numbers></sorter>

[12.16.2012 - 17:28:56] --> <?xml version="1.0"?>
<sorter><unsorted_numbers><item>7</item><item>6</item><item>5</item></unsorted_numbers><sorted_numbers><item>5</item><item>6</item><item>7</item></sorted_numbers></sorter>

[12.16.2012 - 17:29:00] --> <?xml version="1.0"?>
<sorter><unsorted_numbers><item>7</item><item>6</item><item>5</item></unsorted_numbers><sorted_numbers><item>5</item><item>6</item><item>7</item></sorted_numbers></sorter>

[12.16.2012 - 17:29:47] --> <?xml version="1.0"?>
<sorter><unsorted_numbers><item>6</item><item>5</item><item>4</item></unsorted_numbers><sorted_numbers><item>4</item><item>5</item><item>6</item></sorted_numbers></sorter>

[12.16.2012 - 17:30:13] --> <?xml version="1.0"?>
<sorter><unsorted_numbers><item0>6</item0><item1>5</item1><item2>4</item2></unsorted_numbers><sorted_numbers><item>4</item><item>5</item><item>6</item></sorted_numbers></sorter>

[12.16.2012 - 17:30:14] --> <?xml version="1.0"?>
<sorter><unsorted_numbers><item0>6</item0><item1>5</item1><item2>4</item2></unsorted_numbers><sorted_numbers><item>4</item><item>5</item><item>6</item></sorted_numbers></sorter>

[12.16.2012 - 17:30:20] --> <?xml version="1.0"?>
<sorter><unsorted_numbers><item0>6</item0><item1>4444</item1><item2>2</item2></unsorted_numbers><sorted_numbers><item>2</item><item>6</item><item>4444</item></sorted_numbers></sorter>

[12.16.2012 - 17:30:39] --> <?xml version="1.0"?>
<sorter><unsorted_numbers><item0>1</item0><item1>5</item1><item2>1</item2></unsorted_numbers><sorted_numbers><item0>1</item0><item1>1</item1><item2>5</item2></sorted_numbers></sorter>

[12.16.2012 - 17:34:00] --> <?xml version="1.0"?>
<sorter><unsorted_numbers><item0>41</item0><item1>23</item1><item2>11</item2></unsorted_numbers><sorted_numbers><item0>11</item0><item1>23</item1><item2>41</item2></sorted_numbers></sorter>

[12.16.2012 - 17:34:03] --> <?xml version="1.0"?>
<sorter><unsorted_numbers><item0>41</item0><item1>23</item1><item2>11</item2></unsorted_numbers><sorted_numbers><item0>11</item0><item1>23</item1><item2>41</item2></sorted_numbers></sorter>

[12.16.2012 - 17:34:06] --> <?xml version="1.0"?>
<sorter><unsorted_numbers><item0>41</item0><item1>23</item1><item2>11</item2></unsorted_numbers><sorted_numbers><item0>11</item0><item1>23</item1><item2>41</item2></sorted_numbers></sorter>

[12.16.2012 - 17:34:06] --> <?xml version="1.0"?>
<sorter><unsorted_numbers><item0>41</item0><item1>23</item1><item2>11</item2></unsorted_numbers><sorted_numbers><item0>11</item0><item1>23</item1><item2>41</item2></sorted_numbers></sorter>

[12.16.2012 - 17:34:06] --> <?xml version="1.0"?>
<sorter><unsorted_numbers><item0>41</item0><item1>23</item1><item2>11</item2></unsorted_numbers><sorted_numbers><item0>11</item0><item1>23</item1><item2>41</item2></sorted_numbers></sorter>

[12.16.2012 - 17:34:26] --> <?xml version="1.0"?>
<sorter><unsorted_numbers><item>123</item><item>11</item><item>41</item></unsorted_numbers><sorted_numbers><item>11</item><item>41</item><item>123</item></sorted_numbers></sorter>

[12.16.2012 - 17:37:00] --> <?xml version="1.0"?>
<sorter><unsorted_numbers><item>12</item><item>44</item><item>32</item></unsorted_numbers><sorted_numbers><item>12</item><item>32</item><item>44</item></sorted_numbers></sorter>

[12.16.2012 - 17:37:00] --> <?xml version="1.0"?>
<sorter><unsorted_numbers><item>12</item><item>44</item><item>32</item></unsorted_numbers><sorted_numbers><item>12</item><item>32</item><item>44</item></sorted_numbers></sorter>

[12.16.2012 - 17:37:01] --> <?xml version="1.0"?>
<sorter><unsorted_numbers><item>12</item><item>44</item><item>32</item></unsorted_numbers><sorted_numbers><item>12</item><item>32</item><item>44</item></sorted_numbers></sorter>

[12.16.2012 - 17:37:01] --> <?xml version="1.0"?>
<sorter><unsorted_numbers><item>12</item><item>44</item><item>32</item></unsorted_numbers><sorted_numbers><item>12</item><item>32</item><item>44</item></sorted_numbers></sorter>

[12.16.2012 - 17:37:26] --> <?xml version="1.0"?>
<sorter><unsorted_numbers><item>123</item><item>42</item><item>22</item></unsorted_numbers><sorted_numbers><item>22</item><item>42</item><item>123</item></sorted_numbers></sorter>

[12.16.2012 - 17:37:27] --> <?xml version="1.0"?>
<sorter><unsorted_numbers><item>123</item><item>42</item><item>22</item></unsorted_numbers><sorted_numbers><item>22</item><item>42</item><item>123</item></sorted_numbers></sorter>

[12.16.2012 - 17:38:05] --> <?xml version="1.0"?>
<sorter><unsorted_numbers><item>123</item><item>4</item><item>2</item></unsorted_numbers><sorted_numbers><item>2</item><item>4</item><item>123</item></sorted_numbers></sorter>

[12.16.2012 - 17:38:37] --> <?xml version="1.0"?>
<sorter><unsorted_numbers><item>123</item><item>7</item><item>6</item></unsorted_numbers><sorted_numbers><item>6</item><item>7</item><item>123</item></sorted_numbers></sorter>

[12.16.2012 - 17:39:39] --> <?xml version="1.0"?>
<sorter><unsorted_numbers><item>123</item><item>32</item><item>1</item></unsorted_numbers><sorted_numbers><item>1</item><item>32</item><item>123</item></sorted_numbers></sorter>

[12.16.2012 - 17:42:27] --> <?xml version="1.0"?>
<sorter><unsorted_numbers><item></item><item>2</item><item></item></unsorted_numbers><sorted_numbers><item></item><item></item><item>2</item></sorted_numbers></sorter>

[12.16.2012 - 17:42:38] --> <?xml version="1.0"?>
<sorter><unsorted_numbers><item></item><item></item><item></item></unsorted_numbers><sorted_numbers><item></item><item></item><item></item></sorted_numbers></sorter>

[12.16.2012 - 17:42:40] --> <?xml version="1.0"?>
<sorter><unsorted_numbers><item></item><item></item><item>1</item></unsorted_numbers><sorted_numbers><item></item><item></item><item>1</item></sorted_numbers></sorter>

[12.16.2012 - 17:42:42] --> <?xml version="1.0"?>
<sorter><unsorted_numbers><item>1</item><item>2</item><item>1</item></unsorted_numbers><sorted_numbers><item>1</item><item>1</item><item>2</item></sorted_numbers></sorter>

[12.16.2012 - 17:42:43] --> <?xml version="1.0"?>
<sorter><unsorted_numbers><item>1</item><item>2</item><item>1</item></unsorted_numbers><sorted_numbers><item>1</item><item>1</item><item>2</item></sorted_numbers></sorter>

[12.16.2012 - 17:42:44] --> <?xml version="1.0"?>
<sorter><unsorted_numbers><item>1</item><item>2</item><item>1</item></unsorted_numbers><sorted_numbers><item>1</item><item>1</item><item>2</item></sorted_numbers></sorter>

[12.16.2012 - 17:42:44] --> <?xml version="1.0"?>
<sorter><unsorted_numbers><item>1</item><item>2</item><item>1</item></unsorted_numbers><sorted_numbers><item>1</item><item>1</item><item>2</item></sorted_numbers></sorter>

[12.16.2012 - 17:42:48] --> <?xml version="1.0"?>
<sorter><unsorted_numbers><item>41</item><item>22</item><item>11</item></unsorted_numbers><sorted_numbers><item>11</item><item>22</item><item>41</item></sorted_numbers></sorter>

[12.16.2012 - 17:43:21] --> <?xml version="1.0"?>
<sorter><unsorted_numbers><item>1</item><item>33</item><item>2</item></unsorted_numbers><sorted_numbers><item>1</item><item>2</item><item>33</item></sorted_numbers></sorter>

[12.16.2012 - 17:43:42] --> <?xml version="1.0"?>
<sorter><unsorted_numbers><item>12</item><item>42</item><item>12</item></unsorted_numbers><sorted_numbers><item>12</item><item>12</item><item>42</item></sorted_numbers></sorter>

[12.16.2012 - 17:44:12] --> <?xml version="1.0"?>
<sorter><unsorted_numbers><item>123</item><item>42</item><item>22</item></unsorted_numbers><sorted_numbers><item>22</item><item>42</item><item>123</item></sorted_numbers></sorter>

[12.16.2012 - 17:47:43] --> <?xml version="1.0"?>
<sorter><unsorted_numbers><item>123</item><item>12</item><item>1</item></unsorted_numbers><sorted_numbers><item>1</item><item>12</item><item>123</item></sorted_numbers></sorter>

[12.16.2012 - 17:50:19] --> <?xml version="1.0"?>
<sorter><unsorted_numbers><item>12</item><item>22</item><item>41</item></unsorted_numbers><sorted_numbers><item>12</item><item>22</item><item>41</item></sorted_numbers></sorter>

[12.16.2012 - 17:50:51] --> <?xml version="1.0"?>
<sorter><unsorted_numbers><item>11</item><item>1233</item><item>1</item></unsorted_numbers><sorted_numbers><item>1</item><item>11</item><item>1233</item></sorted_numbers></sorter>

[12.16.2012 - 17:53:06] --> <?xml version="1.0"?>
<sorter><unsorted_numbers><item>11</item><item>33</item><item>1</item></unsorted_numbers><sorted_numbers><item>1</item><item>11</item><item>33</item></sorted_numbers></sorter>

[12.16.2012 - 17:53:20] --> <?xml version="1.0"?>
<sorter><unsorted_numbers><item>12</item><item>12</item><item>1</item></unsorted_numbers><sorted_numbers><item>1</item><item>12</item><item>12</item></sorted_numbers></sorter>

[12.16.2012 - 17:53:54] --> <?xml version="1.0"?>
<sorter><unsorted_numbers><item>123</item><item>11</item><item>1</item></unsorted_numbers><sorted_numbers><item>1</item><item>11</item><item>123</item></sorted_numbers></sorter>

[12.16.2012 - 17:53:58] --> <?xml version="1.0"?>
<sorter><unsorted_numbers><item>123</item><item>11</item><item>1</item></unsorted_numbers><sorted_numbers><item>1</item><item>11</item><item>123</item></sorted_numbers></sorter>

[12.16.2012 - 17:54:17] --> <?xml version="1.0"?>
<sorter><unsorted_numbers><item>12</item><item>6</item><item>5</item></unsorted_numbers><sorted_numbers><item>5</item><item>6</item><item>12</item></sorted_numbers></sorter>

[12.16.2012 - 17:55:04] --> <?xml version="1.0"?>
<sorter><unsorted_numbers><item>12</item><item>22</item><item>1</item></unsorted_numbers><sorted_numbers><item>1</item><item>12</item><item>22</item></sorted_numbers></sorter>

[12.16.2012 - 17:56:02] --> <?xml version="1.0"?>
<sorter><unsorted_numbers><item>12</item><item>22</item><item>1</item></unsorted_numbers><sorted_numbers><item>1</item><item>12</item><item>22</item></sorted_numbers></sorter>

[12.16.2012 - 17:56:13] --> <?xml version="1.0"?>
<sorter><unsorted_numbers><item>9</item><item>8</item><item>7</item></unsorted_numbers><sorted_numbers><item>7</item><item>8</item><item>9</item></sorted_numbers></sorter>

[12.16.2012 - 17:56:37] --> <?xml version="1.0"?>
<sorter><unsorted_numbers><item>9</item><item>8</item><item>7</item></unsorted_numbers><sorted_numbers><item>7</item><item>8</item><item>9</item></sorted_numbers></sorter>

[12.16.2012 - 17:57:10] --> <?xml version="1.0"?>
<sorter><unsorted_numbers><item>9</item><item>8</item><item>7</item></unsorted_numbers><sorted_numbers><item>7</item><item>8</item><item>9</item></sorted_numbers></sorter>

[12.16.2012 - 17:57:28] --> <?xml version="1.0"?>
<sorter><unsorted_numbers><item>9</item><item>8</item><item>7</item></unsorted_numbers><sorted_numbers><item>7</item><item>8</item><item>9</item></sorted_numbers></sorter>

[12.16.2012 - 17:58:46] --> <?xml version="1.0"?>
<sorter><unsorted_numbers><item>9</item><item>8</item><item>7</item></unsorted_numbers><sorted_numbers><item>7</item><item>8</item><item>9</item></sorted_numbers></sorter>

[12.16.2012 - 17:59:38] --> <?xml version="1.0"?>
<sorter><unsorted_numbers><unsorted_item>9</unsorted_item><unsorted_item>8</unsorted_item><unsorted_item>7</unsorted_item></unsorted_numbers><sorted_numbers><sorted_item>7</sorted_item><sorted_item>8</sorted_item><sorted_item>9</sorted_item></sorted_numbers></sorter>

[12.16.2012 - 18:01:17] --> <?xml version="1.0"?>
<sorter><unsorted_numbers><unsorted_item>9</unsorted_item><unsorted_item>8</unsorted_item><unsorted_item>6</unsorted_item></unsorted_numbers><sorted_numbers><sorted_item>6</sorted_item><sorted_item>8</sorted_item><sorted_item>9</sorted_item></sorted_numbers></sorter>

[12.16.2012 - 18:01:45] --> <?xml version="1.0"?>
<sorter><unsorted_numbers><unsorted_item>1</unsorted_item><unsorted_item>332</unsorted_item><unsorted_item>9</unsorted_item></unsorted_numbers><sorted_numbers><sorted_item>1</sorted_item><sorted_item>9</sorted_item><sorted_item>332</sorted_item></sorted_numbers></sorter>

